#
# A fatal error has been detected by the Java Runtime Environment:
#
#  SIGSEGV (0xb) at pc=0x00007f94b094c5e4, pid=7784, tid=0x00007f94944eb700
#
# JRE version: OpenJDK Runtime Environment (8.0_171-b11) (build 1.8.0_171-8u171-b11-0ubuntu0.16.04.1-b11)
# Java VM: OpenJDK 64-Bit Server VM (25.171-b11 mixed mode linux-amd64 compressed oops)
# Problematic frame:
# V  [libjvm.so+0x5665e4]
#
# Failed to write core dump. Core dumps have been disabled. To enable core dumping, try "ulimit -c unlimited" before starting Java again
#
# If you would like to submit a bug report, please visit:
#   http://bugreport.java.com/bugreport/crash.jsp
#

---------------  T H R E A D  ---------------

Current thread (0x00007f94a80c4800):  JavaThread "JDWP Transport Listener: dt_socket" daemon [_thread_in_vm, id=7801, stack(0x00007f94943eb000,0x00007f94944ec000)]

siginfo: si_signo: 11 (SIGSEGV), si_code: 1 (SEGV_MAPERR), si_addr: 0x0000000000000008

Registers:
RAX=0x0000000000000000, RBX=0x00007f94944e9680, RCX=0x00007f9499005360, RDX=0x00007f94a802a080
RSP=0x00007f94944e95c0, RBP=0x00007f94944e95f0, RSI=0x00007f94743cd4f8, RDI=0x0000000000000000
R8 =0x00007f94b207d3c0, R9 =0x0000000000000018, R10=0x00000000000000c0, R11=0x0000000000000400
R12=0x00007f94944e96e0, R13=0x00007f94743cd4f8, R14=0x00007f94b130f068, R15=0x00007f94a80c4f70
RIP=0x00007f94b094c5e4, EFLAGS=0x0000000000010246, CSGSFS=0x002b000000000033, ERR=0x0000000000000004
  TRAPNO=0x000000000000000e

Top of Stack: (sp=0x00007f94944e95c0)
0x00007f94944e95c0:   00007f94944e95e0 00007f94944e9680
0x00007f94944e95d0:   00007f94944e96e0 00007f94944e9600
0x00007f94944e95e0:   00007f94b130f068 00007f94a80c4f70
0x00007f94944e95f0:   00007f94944e9660 00007f94b094880b
0x00007f94944e9600:   00007f94b207d3d0 00007f9400000000
0x00007f94944e9610:   0000000000000000 00007f9400000000
0x00007f94944e9620:   0000000000000000 00007f94b207d3d0
0x00007f94944e9630:   00007f94944e9650 6bcb24050f809200
0x00007f94944e9640:   00007f94944e9720 00007f94743cd4f0
0x00007f94944e9650:   00007f94944e96e0 00007f94944e9680
0x00007f94944e9660:   00007f94944ea290 00007f94b0e430a6
0x00007f94944e9670:   00007f94b213e9f8 00007f94b205d900
0x00007f94944e9680:   0000000000000000 00007f94b12d0d90
0x00007f94944e9690:   00007f94b205d360 00007f949911413c
0x00007f94944e96a0:   00007f9499113dd0 00007f9400000000
0x00007f94944e96b0:   00007f94b207d3c0 00007f94b207d3c0
0x00007f94944e96c0:   00007f94b213e9f8 00007f94b208d2a0
0x00007f94944e96d0:   00007f94b205d8f0 00007f94b205d8f0
0x00007f94944e96e0:   00007f9499113dd0 00007f9400000000
0x00007f94944e96f0:   00007f94b213e9f8 00007f94b205d990
0x00007f94944e9700:   00007f94743ccef0 00007f94b12d0d90
0x00007f94944e9710:   00007f94b205d3f0 00007f949911413c
0x00007f94944e9720:   00007f9499113dd0 00007f9400000000
0x00007f94944e9730:   00007f94b207d3c0 00007f94b207d3c0
0x00007f94944e9740:   00007f94b213e9f8 00007f94b208d330
0x00007f94944e9750:   00007f94b205d980 00007f94b205d980
0x00007f94944e9760:   0000000000000000 0000000000000000
0x00007f94944e9770:   0000000000000000 0000000000000000
0x00007f94944e9780:   0000000000000000 0000000000000000
0x00007f94944e9790:   00007f94b205d3e0 00007f94b205d3e0
0x00007f94944e97a0:   00007f94b208d320 00007f94b208d320
0x00007f94944e97b0:   0000000000000000 0000000000000000 

Instructions: (pc=0x00007f94b094c5e4)
0x00007f94b094c5c4:   ff ff 66 2e 0f 1f 84 00 00 00 00 00 c7 43 18 00
0x00007f94b094c5d4:   00 00 00 e9 a8 fe ff ff 0f 1f 40 00 49 8b 45 20
0x00007f94b094c5e4:   48 8b 78 08 48 8b 10 48 83 c0 10 48 89 03 48 89
0x00007f94b094c5f4:   43 28 48 89 53 20 e9 de fe ff ff 90 48 89 c7 ff 

Register to memory mapping:

RAX=0x0000000000000000 is an unknown value
RBX=0x00007f94944e9680 is pointing into the stack for thread: 0x00007f94a80c4800
RCX=0x00007f9499005360 is pointing into interpreter code (not bytecode specific)
RDX=0x00007f94a802a080 is an unknown value
RSP=0x00007f94944e95c0 is pointing into the stack for thread: 0x00007f94a80c4800
RBP=0x00007f94944e95f0 is pointing into the stack for thread: 0x00007f94a80c4800
RSI=0x00007f94743cd4f8 is an unknown value
RDI=0x0000000000000000 is an unknown value
R8 =0x00007f94b207d3c0 is pointing into the stack for thread: 0x00007f94a800d800
R9 =0x0000000000000018 is an unknown value
R10=0x00000000000000c0 is an unknown value
R11=0x0000000000000400 is an unknown value
R12=0x00007f94944e96e0 is pointing into the stack for thread: 0x00007f94a80c4800
R13=0x00007f94743cd4f8 is an unknown value
R14=0x00007f94b130f068: <offset 0xf29068> in /usr/lib/jvm/java-8-openjdk-amd64/jre/lib/amd64/server/libjvm.so at 0x00007f94b03e6000
R15=0x00007f94a80c4f70 is an unknown value


Stack: [0x00007f94943eb000,0x00007f94944ec000],  sp=0x00007f94944e95c0,  free space=1017k
Native frames: (J=compiled Java code, j=interpreted, Vv=VM code, C=native code)
V  [libjvm.so+0x5665e4]
V  [libjvm.so+0x56280b]
V  [libjvm.so+0xa5d0a6]
V  [libjvm.so+0xa5d388]
V  [libjvm.so+0x71d2c0]
V  [libjvm.so+0x71e520]
V  [libjvm.so+0x712b2c]
V  [libjvm.so+0x6cada4]
C  [libjdwp.so+0xac89]
C  [libjdwp.so+0x12300]
C  [libjdwp.so+0x24fb5]
V  [libjvm.so+0x735fdf]
V  [libjvm.so+0xa12217]
V  [libjvm.so+0xa126dc]
V  [libjvm.so+0x8b7c22]
C  [libpthread.so.0+0x76ba]  start_thread+0xca


---------------  P R O C E S S  ---------------

Java Threads: ( => current thread )
  0x00007f9470001000 JavaThread "SIGTERM handler" daemon [_thread_blocked, id=7820, stack(0x00007f94941e9000,0x00007f94942ea000)]
  0x00007f94a80d2000 JavaThread "Service Thread" daemon [_thread_blocked, id=7814, stack(0x00007f9467cfd000,0x00007f9467dfe000)]
  0x00007f94a80cf000 JavaThread "C1 CompilerThread2" daemon [_thread_blocked, id=7813, stack(0x00007f9467dfe000,0x00007f9467eff000)]
  0x00007f94a80cd000 JavaThread "C2 CompilerThread1" daemon [_thread_blocked, id=7812, stack(0x00007f9467eff000,0x00007f9468000000)]
  0x00007f94a80ca000 JavaThread "C2 CompilerThread0" daemon [_thread_blocked, id=7811, stack(0x00007f94940e8000,0x00007f94941e9000)]
  0x00007f94a80c8000 JavaThread "JDWP Event Helper Thread" daemon [_thread_blocked, id=7804, stack(0x00007f94942ea000,0x00007f94943eb000)]
=>0x00007f94a80c4800 JavaThread "JDWP Transport Listener: dt_socket" daemon [_thread_in_vm, id=7801, stack(0x00007f94943eb000,0x00007f94944ec000)]
  0x00007f94a80b8800 JavaThread "Signal Dispatcher" daemon [_thread_blocked, id=7799, stack(0x00007f94946f1000,0x00007f94947f2000)]
  0x00007f94a8087000 JavaThread "Finalizer" daemon [_thread_blocked, id=7798, stack(0x00007f94947f2000,0x00007f94948f3000)]
  0x00007f94a8082800 JavaThread "Reference Handler" daemon [_thread_blocked, id=7797, stack(0x00007f94948f3000,0x00007f94949f4000)]
  0x00007f94a800d800 JavaThread "main" [_thread_in_Java, id=7786, stack(0x00007f94b2046000,0x00007f94b2147000)]

Other Threads:
  0x00007f94a807b000 VMThread [stack: 0x00007f94949f4000,0x00007f9494af5000] [id=7796]

VM state:not at safepoint (normal execution)

VM Mutex/Monitor currently owned by a thread: None

Heap:
 PSYoungGen      total 36352K, used 3123K [0x00000000d7980000, 0x00000000da200000, 0x0000000100000000)
  eden space 31232K, 10% used [0x00000000d7980000,0x00000000d7c8cde0,0x00000000d9800000)
  from space 5120K, 0% used [0x00000000d9d00000,0x00000000d9d00000,0x00000000da200000)
  to   space 5120K, 0% used [0x00000000d9800000,0x00000000d9800000,0x00000000d9d00000)
 ParOldGen       total 83456K, used 0K [0x0000000086c00000, 0x000000008bd80000, 0x00000000d7980000)
  object space 83456K, 0% used [0x0000000086c00000,0x0000000086c00000,0x000000008bd80000)
 Metaspace       used 2563K, capacity 4486K, committed 4864K, reserved 1056768K
  class space    used 265K, capacity 386K, committed 512K, reserved 1048576K

Card table byte_map: [0x00007f94adc10000,0x00007f94adfdb000] byte_map_base: 0x00007f94ad7da000

Marking Bits: (ParMarkBitMap*) 0x00007f94b130e320
 Begin Bits: [0x00007f9495360000, 0x00007f94971b0000)
 End Bits:   [0x00007f94971b0000, 0x00007f9499000000)

Polling page: 0x00007f94b2162000

CodeCache: size=245760Kb used=1106Kb max_used=1118Kb free=244653Kb
 bounds [0x00007f9499000000, 0x00007f9499270000, 0x00007f94a8000000]
 total_blobs=249 nmethods=28 adapters=145
 compilation: enabled

Compilation events (10 events):
Event: 8.536 Thread 0x00007f94a80cf000   24       3       java.lang.String::endsWith (17 bytes)
Event: 8.536 Thread 0x00007f94a80cf000 nmethod 24 0x00007f9499112cd0 code [0x00007f9499112e40, 0x00007f9499113088]
Event: 8.548 Thread 0x00007f94a80cf000   25       1       java.net.URL::getProtocol (5 bytes)
Event: 8.548 Thread 0x00007f94a80cf000 nmethod 25 0x00007f9499113190 code [0x00007f94991132e0, 0x00007f94991133f0]
Event: 8.553 Thread 0x00007f94a80cf000   26       3       quickSort::getindex (139 bytes)
Event: 8.553 Thread 0x00007f94a80cf000 nmethod 26 0x00007f9499113450 code [0x00007f94991135e0, 0x00007f9499113af0]
Event: 8.553 Thread 0x00007f94a80cf000   27       3       quickSort::quicksort (33 bytes)
Event: 8.554 Thread 0x00007f94a80cf000 nmethod 27 0x00007f9499113dd0 code [0x00007f9499113fa0, 0x00007f9499114468]
Event: 8.554 Thread 0x00007f94a80cd000   28       4       quickSort::getindex (139 bytes)
Event: 8.558 Thread 0x00007f94a80cd000 nmethod 28 0x00007f9499117590 code [0x00007f94991176e0, 0x00007f9499117978]

GC Heap History (0 events):
No events

Deoptimization events (0 events):
No events

Classes redefined (0 events):
No events

Internal exceptions (4 events):
Event: 0.104 Thread 0x00007f94a800d800 Exception <a 'java/lang/NoSuchMethodError': Method sun.misc.Unsafe.defineClass(Ljava/lang/String;[BII)Ljava/lang/Class; name or signature does not match> (0x00000000d7987cb0) thrown at [/build/openjdk-8-wnL82d/openjdk-8-8u171-b11/src/hotspot/src/share/vm/
Event: 0.104 Thread 0x00007f94a800d800 Exception <a 'java/lang/NoSuchMethodError': Method sun.misc.Unsafe.prefetchRead(Ljava/lang/Object;J)V name or signature does not match> (0x00000000d7987f98) thrown at [/build/openjdk-8-wnL82d/openjdk-8-8u171-b11/src/hotspot/src/share/vm/prims/jni.cpp, lin
Event: 8.568 Thread 0x00007f94a800d800 StackOverflowError at 0x00007f94991176e0
Event: 33.021 Thread 0x00007f94a800d800 Exception <a 'java/lang/StackOverflowError'> (0x00000000d79f5c60) thrown at [/build/openjdk-8-wnL82d/openjdk-8-8u171-b11/src/hotspot/src/share/vm/runtime/sharedRuntime.cpp, line 605]

Events (10 events):
Event: 33.034 Thread 0x00007f94a800d800 DEOPT UNPACKING pc=0x00007f94990474c4 sp=0x00007f94b208fcb0 mode 1
Event: 33.034 Thread 0x00007f94a800d800 DEOPT PACKING pc=0x00007f949911413c sp=0x00007f94b2090030
Event: 33.034 Thread 0x00007f94a800d800 DEOPT UNPACKING pc=0x00007f94990474c4 sp=0x00007f94b208fd40 mode 1
Event: 33.034 Thread 0x00007f94a800d800 DEOPT PACKING pc=0x00007f949911413c sp=0x00007f94b20900c0
Event: 33.034 Thread 0x00007f94a800d800 DEOPT UNPACKING pc=0x00007f94990474c4 sp=0x00007f94b208fdd0 mode 1
Event: 33.034 Thread 0x00007f94a800d800 DEOPT PACKING pc=0x00007f949911413c sp=0x00007f94b2090150
Event: 33.034 Thread 0x00007f94a800d800 DEOPT UNPACKING pc=0x00007f94990474c4 sp=0x00007f94b208fe60 mode 1
Event: 33.034 Thread 0x00007f94a800d800 DEOPT PACKING pc=0x00007f949911413c sp=0x00007f94b20901e0
Event: 33.034 Thread 0x00007f94a800d800 DEOPT UNPACKING pc=0x00007f94990474c4 sp=0x00007f94b208fef0 mode 1
Event: 33.035 Thread 0x00007f94a800d800 DEOPT PACKING pc=0x00007f949911413c sp=0x00007f94b2090270


Dynamic libraries:
00400000-00401000 r-xp 00000000 08:03 25299501                           /usr/lib/jvm/java-8-openjdk-amd64/jre/bin/java
00600000-00601000 r--p 00000000 08:03 25299501                           /usr/lib/jvm/java-8-openjdk-amd64/jre/bin/java
00601000-00602000 rw-p 00001000 08:03 25299501                           /usr/lib/jvm/java-8-openjdk-amd64/jre/bin/java
017ac000-017cd000 rw-p 00000000 00:00 0                                  [heap]
86c00000-8bd80000 rw-p 00000000 00:00 0 
8bd80000-d7980000 ---p 00000000 00:00 0 
d7980000-da200000 rw-p 00000000 00:00 0 
da200000-100000000 ---p 00000000 00:00 0 
100000000-100080000 rw-p 00000000 00:00 0 
100080000-140000000 ---p 00000000 00:00 0 
7f9450000000-7f9450021000 rw-p 00000000 00:00 0 
7f9450021000-7f9454000000 ---p 00000000 00:00 0 
7f9454000000-7f9454021000 rw-p 00000000 00:00 0 
7f9454021000-7f9458000000 ---p 00000000 00:00 0 
7f9458000000-7f9458021000 rw-p 00000000 00:00 0 
7f9458021000-7f945c000000 ---p 00000000 00:00 0 
7f945c000000-7f945c03e000 rw-p 00000000 00:00 0 
7f945c03e000-7f9460000000 ---p 00000000 00:00 0 
7f9460000000-7f946004f000 rw-p 00000000 00:00 0 
7f946004f000-7f9464000000 ---p 00000000 00:00 0 
7f9467bfc000-7f9467bfd000 ---p 00000000 00:00 0 
7f9467bfd000-7f9467cfd000 rw-p 00000000 00:00 0 
7f9467cfd000-7f9467d00000 ---p 00000000 00:00 0 
7f9467d00000-7f9467dfe000 rw-p 00000000 00:00 0 
7f9467dfe000-7f9467e01000 ---p 00000000 00:00 0 
7f9467e01000-7f9467eff000 rw-p 00000000 00:00 0 
7f9467eff000-7f9467f02000 ---p 00000000 00:00 0 
7f9467f02000-7f9468000000 rw-p 00000000 00:00 0 
7f9468000000-7f9468021000 rw-p 00000000 00:00 0 
7f9468021000-7f946c000000 ---p 00000000 00:00 0 
7f946c000000-7f946c021000 rw-p 00000000 00:00 0 
7f946c021000-7f9470000000 ---p 00000000 00:00 0 
7f9470000000-7f9470021000 rw-p 00000000 00:00 0 
7f9470021000-7f9474000000 ---p 00000000 00:00 0 
7f9474000000-7f9475413000 rw-p 00000000 00:00 0 
7f9475413000-7f9478000000 ---p 00000000 00:00 0 
7f9478000000-7f9478021000 rw-p 00000000 00:00 0 
7f9478021000-7f947c000000 ---p 00000000 00:00 0 
7f947c000000-7f947c021000 rw-p 00000000 00:00 0 
7f947c021000-7f9480000000 ---p 00000000 00:00 0 
7f9480000000-7f9480021000 rw-p 00000000 00:00 0 
7f9480021000-7f9484000000 ---p 00000000 00:00 0 
7f9484000000-7f9484021000 rw-p 00000000 00:00 0 
7f9484021000-7f9488000000 ---p 00000000 00:00 0 
7f9488000000-7f9488021000 rw-p 00000000 00:00 0 
7f9488021000-7f948c000000 ---p 00000000 00:00 0 
7f948c000000-7f948c021000 rw-p 00000000 00:00 0 
7f948c021000-7f9490000000 ---p 00000000 00:00 0 
7f9490000000-7f9490021000 rw-p 00000000 00:00 0 
7f9490021000-7f9494000000 ---p 00000000 00:00 0 
7f949409a000-7f949409f000 r--s 002f9000 08:03 25299505                   /usr/lib/jvm/java-8-openjdk-amd64/jre/lib/charsets.jar
7f949409f000-7f94940b2000 r--s 00346000 08:03 25299518                   /usr/lib/jvm/java-8-openjdk-amd64/jre/lib/resources.jar
7f94940b2000-7f94940cd000 r--s 00394000 08:03 25299511                   /usr/lib/jvm/java-8-openjdk-amd64/jre/lib/ext/cldrdata.jar
7f94940cd000-7f94940e8000 r--s 001d6000 08:03 25299514                   /usr/lib/jvm/java-8-openjdk-amd64/jre/lib/ext/nashorn.jar
7f94940e8000-7f94940eb000 ---p 00000000 00:00 0 
7f94940eb000-7f94941e9000 rw-p 00000000 00:00 0 
7f94941e9000-7f94941ec000 ---p 00000000 00:00 0 
7f94941ec000-7f94942ea000 rw-p 00000000 00:00 0 
7f94942ea000-7f94942ed000 ---p 00000000 00:00 0 
7f94942ed000-7f94943eb000 rw-p 00000000 00:00 0 
7f94943eb000-7f94943ee000 ---p 00000000 00:00 0 
7f94943ee000-7f94944ec000 rw-p 00000000 00:00 0 
7f94944ec000-7f94944f0000 r-xp 00000000 08:03 25299536                   /usr/lib/jvm/java-8-openjdk-amd64/jre/lib/amd64/libdt_socket.so
7f94944f0000-7f94946ef000 ---p 00004000 08:03 25299536                   /usr/lib/jvm/java-8-openjdk-amd64/jre/lib/amd64/libdt_socket.so
7f94946ef000-7f94946f0000 r--p 00003000 08:03 25299536                   /usr/lib/jvm/java-8-openjdk-amd64/jre/lib/amd64/libdt_socket.so
7f94946f0000-7f94946f1000 rw-p 00004000 08:03 25299536                   /usr/lib/jvm/java-8-openjdk-amd64/jre/lib/amd64/libdt_socket.so
7f94946f1000-7f94946f4000 ---p 00000000 00:00 0 
7f94946f4000-7f94947f2000 rw-p 00000000 00:00 0 
7f94947f2000-7f94947f5000 ---p 00000000 00:00 0 
7f94947f5000-7f94948f3000 rw-p 00000000 00:00 0 
7f94948f3000-7f94948f6000 ---p 00000000 00:00 0 
7f94948f6000-7f94949f4000 rw-p 00000000 00:00 0 
7f94949f4000-7f94949f5000 ---p 00000000 00:00 0 
7f94949f5000-7f9499000000 rw-p 00000000 00:00 0 
7f9499000000-7f9499270000 rwxp 00000000 00:00 0 
7f9499270000-7f94a8000000 ---p 00000000 00:00 0 
7f94a8000000-7f94a8177000 rw-p 00000000 00:00 0 
7f94a8177000-7f94ac000000 ---p 00000000 00:00 0 
7f94ac000000-7f94ac776000 rw-p 00000000 00:00 0 
7f94ac776000-7f94ac945000 r--s 03c2f000 08:03 25299580                   /usr/lib/jvm/java-8-openjdk-amd64/jre/lib/rt.jar
7f94ac945000-7f94acdfb000 rw-p 00000000 00:00 0 
7f94acdfb000-7f94ad1bb000 ---p 00000000 00:00 0 
7f94ad1bb000-7f94ad585000 rw-p 00000000 00:00 0 
7f94ad585000-7f94ad586000 ---p 00000000 00:00 0 
7f94ad586000-7f94ad686000 rw-p 00000000 00:00 0 
7f94ad686000-7f94ad687000 ---p 00000000 00:00 0 
7f94ad687000-7f94ad787000 rw-p 00000000 00:00 0 
7f94ad787000-7f94ad788000 ---p 00000000 00:00 0 
7f94ad788000-7f94ad888000 rw-p 00000000 00:00 0 
7f94ad888000-7f94ad889000 ---p 00000000 00:00 0 
7f94ad889000-7f94ad9b2000 rw-p 00000000 00:00 0 
7f94ad9b2000-7f94adc10000 ---p 00000000 00:00 0 
7f94adc10000-7f94adc39000 rw-p 00000000 00:00 0 
7f94adc39000-7f94ade96000 ---p 00000000 00:00 0 
7f94ade96000-7f94adeab000 rw-p 00000000 00:00 0 
7f94adeab000-7f94adfda000 ---p 00000000 00:00 0 
7f94adfda000-7f94adfe5000 rw-p 00000000 00:00 0 
7f94adfe5000-7f94ae39b000 ---p 00000000 00:00 0 
7f94ae39b000-7f94ae3a3000 r-xp 00000000 08:03 25299543                   /usr/lib/jvm/java-8-openjdk-amd64/jre/lib/amd64/libzip.so
7f94ae3a3000-7f94ae5a2000 ---p 00008000 08:03 25299543                   /usr/lib/jvm/java-8-openjdk-amd64/jre/lib/amd64/libzip.so
7f94ae5a2000-7f94ae5a3000 r--p 00007000 08:03 25299543                   /usr/lib/jvm/java-8-openjdk-amd64/jre/lib/amd64/libzip.so
7f94ae5a3000-7f94ae5a4000 rw-p 00008000 08:03 25299543                   /usr/lib/jvm/java-8-openjdk-amd64/jre/lib/amd64/libzip.so
7f94ae5a4000-7f94ae5af000 r-xp 00000000 08:03 11015153                   /lib/x86_64-linux-gnu/libnss_files-2.23.so
7f94ae5af000-7f94ae7ae000 ---p 0000b000 08:03 11015153                   /lib/x86_64-linux-gnu/libnss_files-2.23.so
7f94ae7ae000-7f94ae7af000 r--p 0000a000 08:03 11015153                   /lib/x86_64-linux-gnu/libnss_files-2.23.so
7f94ae7af000-7f94ae7b0000 rw-p 0000b000 08:03 11015153                   /lib/x86_64-linux-gnu/libnss_files-2.23.so
7f94ae7b0000-7f94ae7b6000 rw-p 00000000 00:00 0 
7f94ae7b6000-7f94ae7c1000 r-xp 00000000 08:03 11015157                   /lib/x86_64-linux-gnu/libnss_nis-2.23.so
7f94ae7c1000-7f94ae9c0000 ---p 0000b000 08:03 11015157                   /lib/x86_64-linux-gnu/libnss_nis-2.23.so
7f94ae9c0000-7f94ae9c1000 r--p 0000a000 08:03 11015157                   /lib/x86_64-linux-gnu/libnss_nis-2.23.so
7f94ae9c1000-7f94ae9c2000 rw-p 0000b000 08:03 11015157                   /lib/x86_64-linux-gnu/libnss_nis-2.23.so
7f94ae9c2000-7f94ae9d8000 r-xp 00000000 08:03 11015103                   /lib/x86_64-linux-gnu/libnsl-2.23.so
7f94ae9d8000-7f94aebd7000 ---p 00016000 08:03 11015103                   /lib/x86_64-linux-gnu/libnsl-2.23.so
7f94aebd7000-7f94aebd8000 r--p 00015000 08:03 11015103                   /lib/x86_64-linux-gnu/libnsl-2.23.so
7f94aebd8000-7f94aebd9000 rw-p 00016000 08:03 11015103                   /lib/x86_64-linux-gnu/libnsl-2.23.so
7f94aebd9000-7f94aebdb000 rw-p 00000000 00:00 0 
7f94aebdb000-7f94aebe3000 r-xp 00000000 08:03 11015148                   /lib/x86_64-linux-gnu/libnss_compat-2.23.so
7f94aebe3000-7f94aede2000 ---p 00008000 08:03 11015148                   /lib/x86_64-linux-gnu/libnss_compat-2.23.so
7f94aede2000-7f94aede3000 r--p 00007000 08:03 11015148                   /lib/x86_64-linux-gnu/libnss_compat-2.23.so
7f94aede3000-7f94aede4000 rw-p 00008000 08:03 11015148                   /lib/x86_64-linux-gnu/libnss_compat-2.23.so
7f94aede4000-7f94af0bc000 r--p 00000000 08:03 25170876                   /usr/lib/locale/locale-archive
7f94af0bc000-7f94af0be000 r-xp 00000000 08:03 25299546                   /usr/lib/jvm/java-8-openjdk-amd64/jre/lib/amd64/libnpt.so
7f94af0be000-7f94af2be000 ---p 00002000 08:03 25299546                   /usr/lib/jvm/java-8-openjdk-amd64/jre/lib/amd64/libnpt.so
7f94af2be000-7f94af2bf000 r--p 00002000 08:03 25299546                   /usr/lib/jvm/java-8-openjdk-amd64/jre/lib/amd64/libnpt.so
7f94af2bf000-7f94af2c0000 rw-p 00003000 08:03 25299546                   /usr/lib/jvm/java-8-openjdk-amd64/jre/lib/amd64/libnpt.so
7f94af2c0000-7f94af2fb000 r-xp 00000000 08:03 25299539                   /usr/lib/jvm/java-8-openjdk-amd64/jre/lib/amd64/libjdwp.so
7f94af2fb000-7f94af4fb000 ---p 0003b000 08:03 25299539                   /usr/lib/jvm/java-8-openjdk-amd64/jre/lib/amd64/libjdwp.so
7f94af4fb000-7f94af4fc000 r--p 0003b000 08:03 25299539                   /usr/lib/jvm/java-8-openjdk-amd64/jre/lib/amd64/libjdwp.so
7f94af4fc000-7f94af4fd000 rw-p 0003c000 08:03 25299539                   /usr/lib/jvm/java-8-openjdk-amd64/jre/lib/amd64/libjdwp.so
7f94af4fd000-7f94af52a000 r-xp 00000000 08:03 25299534                   /usr/lib/jvm/java-8-openjdk-amd64/jre/lib/amd64/libjava.so
7f94af52a000-7f94af729000 ---p 0002d000 08:03 25299534                   /usr/lib/jvm/java-8-openjdk-amd64/jre/lib/amd64/libjava.so
7f94af729000-7f94af72a000 r--p 0002c000 08:03 25299534                   /usr/lib/jvm/java-8-openjdk-amd64/jre/lib/amd64/libjava.so
7f94af72a000-7f94af72c000 rw-p 0002d000 08:03 25299534                   /usr/lib/jvm/java-8-openjdk-amd64/jre/lib/amd64/libjava.so
7f94af72c000-7f94af73b000 r-xp 00000000 08:03 25299520                   /usr/lib/jvm/java-8-openjdk-amd64/jre/lib/amd64/libverify.so
7f94af73b000-7f94af93a000 ---p 0000f000 08:03 25299520                   /usr/lib/jvm/java-8-openjdk-amd64/jre/lib/amd64/libverify.so
7f94af93a000-7f94af93c000 r--p 0000e000 08:03 25299520                   /usr/lib/jvm/java-8-openjdk-amd64/jre/lib/amd64/libverify.so
7f94af93c000-7f94af93d000 rw-p 00010000 08:03 25299520                   /usr/lib/jvm/java-8-openjdk-amd64/jre/lib/amd64/libverify.so
7f94af93d000-7f94af944000 r-xp 00000000 08:03 11015158                   /lib/x86_64-linux-gnu/librt-2.23.so
7f94af944000-7f94afb43000 ---p 00007000 08:03 11015158                   /lib/x86_64-linux-gnu/librt-2.23.so
7f94afb43000-7f94afb44000 r--p 00006000 08:03 11015158                   /lib/x86_64-linux-gnu/librt-2.23.so
7f94afb44000-7f94afb45000 rw-p 00007000 08:03 11015158                   /lib/x86_64-linux-gnu/librt-2.23.so
7f94afb45000-7f94afb5b000 r-xp 00000000 08:03 11014632                   /lib/x86_64-linux-gnu/libgcc_s.so.1
7f94afb5b000-7f94afd5a000 ---p 00016000 08:03 11014632                   /lib/x86_64-linux-gnu/libgcc_s.so.1
7f94afd5a000-7f94afd5b000 rw-p 00015000 08:03 11014632                   /lib/x86_64-linux-gnu/libgcc_s.so.1
7f94afd5b000-7f94afe63000 r-xp 00000000 08:03 11014547                   /lib/x86_64-linux-gnu/libm-2.23.so
7f94afe63000-7f94b0062000 ---p 00108000 08:03 11014547                   /lib/x86_64-linux-gnu/libm-2.23.so
7f94b0062000-7f94b0063000 r--p 00107000 08:03 11014547                   /lib/x86_64-linux-gnu/libm-2.23.so
7f94b0063000-7f94b0064000 rw-p 00108000 08:03 11014547                   /lib/x86_64-linux-gnu/libm-2.23.so
7f94b0064000-7f94b01d6000 r-xp 00000000 08:03 25168005                   /usr/lib/x86_64-linux-gnu/libstdc++.so.6.0.21
7f94b01d6000-7f94b03d6000 ---p 00172000 08:03 25168005                   /usr/lib/x86_64-linux-gnu/libstdc++.so.6.0.21
7f94b03d6000-7f94b03e0000 r--p 00172000 08:03 25168005                   /usr/lib/x86_64-linux-gnu/libstdc++.so.6.0.21
7f94b03e0000-7f94b03e2000 rw-p 0017c000 08:03 25168005                   /usr/lib/x86_64-linux-gnu/libstdc++.so.6.0.21
7f94b03e2000-7f94b03e6000 rw-p 00000000 00:00 0 
7f94b03e6000-7f94b103f000 r-xp 00000000 08:03 25299549                   /usr/lib/jvm/java-8-openjdk-amd64/jre/lib/amd64/server/libjvm.so
7f94b103f000-7f94b123f000 ---p 00c59000 08:03 25299549                   /usr/lib/jvm/java-8-openjdk-amd64/jre/lib/amd64/server/libjvm.so
7f94b123f000-7f94b12d2000 r--p 00c59000 08:03 25299549                   /usr/lib/jvm/java-8-openjdk-amd64/jre/lib/amd64/server/libjvm.so
7f94b12d2000-7f94b12fb000 rw-p 00cec000 08:03 25299549                   /usr/lib/jvm/java-8-openjdk-amd64/jre/lib/amd64/server/libjvm.so
7f94b12fb000-7f94b132b000 rw-p 00000000 00:00 0 
7f94b132b000-7f94b1343000 r-xp 00000000 08:03 11015138                   /lib/x86_64-linux-gnu/libpthread-2.23.so
7f94b1343000-7f94b1542000 ---p 00018000 08:03 11015138                   /lib/x86_64-linux-gnu/libpthread-2.23.so
7f94b1542000-7f94b1543000 r--p 00017000 08:03 11015138                   /lib/x86_64-linux-gnu/libpthread-2.23.so
7f94b1543000-7f94b1544000 rw-p 00018000 08:03 11015138                   /lib/x86_64-linux-gnu/libpthread-2.23.so
7f94b1544000-7f94b1548000 rw-p 00000000 00:00 0 
7f94b1548000-7f94b154b000 r-xp 00000000 08:03 11015142                   /lib/x86_64-linux-gnu/libdl-2.23.so
7f94b154b000-7f94b174a000 ---p 00003000 08:03 11015142                   /lib/x86_64-linux-gnu/libdl-2.23.so
7f94b174a000-7f94b174b000 r--p 00002000 08:03 11015142                   /lib/x86_64-linux-gnu/libdl-2.23.so
7f94b174b000-7f94b174c000 rw-p 00003000 08:03 11015142                   /lib/x86_64-linux-gnu/libdl-2.23.so
7f94b174c000-7f94b1765000 r-xp 00000000 08:03 11014785                   /lib/x86_64-linux-gnu/libz.so.1.2.8
7f94b1765000-7f94b1964000 ---p 00019000 08:03 11014785                   /lib/x86_64-linux-gnu/libz.so.1.2.8
7f94b1964000-7f94b1965000 r--p 00018000 08:03 11014785                   /lib/x86_64-linux-gnu/libz.so.1.2.8
7f94b1965000-7f94b1966000 rw-p 00019000 08:03 11014785                   /lib/x86_64-linux-gnu/libz.so.1.2.8
7f94b1966000-7f94b1b26000 r-xp 00000000 08:03 11015139                   /lib/x86_64-linux-gnu/libc-2.23.so
7f94b1b26000-7f94b1d26000 ---p 001c0000 08:03 11015139                   /lib/x86_64-linux-gnu/libc-2.23.so
7f94b1d26000-7f94b1d2a000 r--p 001c0000 08:03 11015139                   /lib/x86_64-linux-gnu/libc-2.23.so
7f94b1d2a000-7f94b1d2c000 rw-p 001c4000 08:03 11015139                   /lib/x86_64-linux-gnu/libc-2.23.so
7f94b1d2c000-7f94b1d30000 rw-p 00000000 00:00 0 
7f94b1d30000-7f94b1d3d000 r-xp 00000000 08:03 25299545                   /usr/lib/jvm/java-8-openjdk-amd64/jre/lib/amd64/jli/libjli.so
7f94b1d3d000-7f94b1f3d000 ---p 0000d000 08:03 25299545                   /usr/lib/jvm/java-8-openjdk-amd64/jre/lib/amd64/jli/libjli.so
7f94b1f3d000-7f94b1f3e000 r--p 0000d000 08:03 25299545                   /usr/lib/jvm/java-8-openjdk-amd64/jre/lib/amd64/jli/libjli.so
7f94b1f3e000-7f94b1f3f000 rw-p 0000e000 08:03 25299545                   /usr/lib/jvm/java-8-openjdk-amd64/jre/lib/amd64/jli/libjli.so
7f94b1f3f000-7f94b1f65000 r-xp 00000000 08:03 11015125                   /lib/x86_64-linux-gnu/ld-2.23.so
7f94b1f67000-7f94b1f69000 r--s 00016000 08:03 25299570                   /usr/lib/jvm/java-8-openjdk-amd64/jre/lib/jce.jar
7f94b1f69000-7f94b1f6e000 r--s 0009d000 08:03 25299590                   /usr/lib/jvm/java-8-openjdk-amd64/jre/lib/jsse.jar
7f94b1f6e000-7f94b1f6f000 r--s 0000a000 08:03 25299515                   /usr/lib/jvm/java-8-openjdk-amd64/jre/lib/ext/jaccess.jar
7f94b1f6f000-7f94b1f70000 r--s 00010000 08:03 25299508                   /usr/lib/jvm/java-8-openjdk-amd64/jre/lib/ext/zipfs.jar
7f94b1f70000-7f94b1f73000 r--s 0000f000 08:03 25299513                   /usr/lib/jvm/java-8-openjdk-amd64/jre/lib/ext/icedtea-sound.jar
7f94b1f73000-7f94b1f76000 r--s 00038000 08:03 25299510                   /usr/lib/jvm/java-8-openjdk-amd64/jre/lib/ext/sunpkcs11.jar
7f94b1f76000-7f94b1f7c000 r--s 0003b000 08:03 25299512                   /usr/lib/jvm/java-8-openjdk-amd64/jre/lib/ext/sunjce_provider.jar
7f94b1f7c000-7f94b2046000 rw-p 00000000 00:00 0 
7f94b2046000-7f94b2049000 ---p 00000000 00:00 0 
7f94b2049000-7f94b214b000 rw-p 00000000 00:00 0 
7f94b214b000-7f94b214d000 r--s 00008000 08:03 25299507                   /usr/lib/jvm/java-8-openjdk-amd64/jre/lib/ext/sunec.jar
7f94b214d000-7f94b214f000 r--s 00001000 08:03 25299509                   /usr/lib/jvm/java-8-openjdk-amd64/jre/lib/ext/dnsns.jar
7f94b214f000-7f94b2159000 r--s 00116000 08:03 25299516                   /usr/lib/jvm/java-8-openjdk-amd64/jre/lib/ext/localedata.jar
7f94b2159000-7f94b2161000 rw-s 00000000 08:03 29098018                   /tmp/hsperfdata_pradeep/7784
7f94b2161000-7f94b2162000 rw-p 00000000 00:00 0 
7f94b2162000-7f94b2163000 r--p 00000000 00:00 0 
7f94b2163000-7f94b2164000 rw-p 00000000 00:00 0 
7f94b2164000-7f94b2165000 r--p 00025000 08:03 11015125                   /lib/x86_64-linux-gnu/ld-2.23.so
7f94b2165000-7f94b2166000 rw-p 00026000 08:03 11015125                   /lib/x86_64-linux-gnu/ld-2.23.so
7f94b2166000-7f94b2167000 rw-p 00000000 00:00 0 
7fffef8a7000-7fffef8c8000 rw-p 00000000 00:00 0                          [stack]
7fffef9fb000-7fffef9fe000 r--p 00000000 00:00 0                          [vvar]
7fffef9fe000-7fffefa00000 r-xp 00000000 00:00 0                          [vdso]
ffffffffff600000-ffffffffff601000 r-xp 00000000 00:00 0                  [vsyscall]

VM Arguments:
jvm_args: -agentlib:jdwp=transport=dt_socket,suspend=y,address=localhost:37879 -Dfile.encoding=UTF-8 
java_command: quickSort
java_class_path (initial): /usr/lib/jvm/java-8-openjdk-amd64/jre/lib/resources.jar:/usr/lib/jvm/java-8-openjdk-amd64/jre/lib/rt.jar:/usr/lib/jvm/java-8-openjdk-amd64/jre/lib/jsse.jar:/usr/lib/jvm/java-8-openjdk-amd64/jre/lib/jce.jar:/usr/lib/jvm/java-8-openjdk-amd64/jre/lib/charsets.jar:/usr/lib/jvm/java-8-openjdk-amd64/jre/lib/ext/nashorn.jar:/usr/lib/jvm/java-8-openjdk-amd64/jre/lib/ext/localedata.jar:/usr/lib/jvm/java-8-openjdk-amd64/jre/lib/ext/dnsns.jar:/usr/lib/jvm/java-8-openjdk-amd64/jre/lib/ext/cldrdata.jar:/usr/lib/jvm/java-8-openjdk-amd64/jre/lib/ext/sunjce_provider.jar:/usr/lib/jvm/java-8-openjdk-amd64/jre/lib/ext/sunec.jar:/usr/lib/jvm/java-8-openjdk-amd64/jre/lib/ext/sunpkcs11.jar:/usr/lib/jvm/java-8-openjdk-amd64/jre/lib/ext/icedtea-sound.jar:/usr/lib/jvm/java-8-openjdk-amd64/jre/lib/ext/zipfs.jar:/usr/lib/jvm/java-8-openjdk-amd64/jre/lib/ext/jaccess.jar:/home/pradeep/eclipse-workspace/Recursion_CodingNinjas/bin
Launcher Type: SUN_STANDARD

Environment Variables:
JAVA_HOME=/usr/lib/jvm/java-8-oracle
PATH=/home/pradeep/bin:/home/pradeep/.local/bin:/usr/local/sbin:/usr/local/bin:/usr/sbin:/usr/bin:/sbin:/bin:/usr/games:/usr/local/games:/snap/bin:/usr/lib/jvm/java-8-oracle/bin:/usr/lib/jvm/java-8-oracle/db/bin:/usr/lib/jvm/java-8-oracle/jre/bin
SHELL=/bin/bash
DISPLAY=:0

Signal Handlers:
SIGSEGV: [libjvm.so+0xa6e6f0], sa_mask[0]=11111111011111111101111111111110, sa_flags=SA_RESTART|SA_SIGINFO
SIGBUS: [libjvm.so+0xa6e6f0], sa_mask[0]=11111111011111111101111111111110, sa_flags=SA_RESTART|SA_SIGINFO
SIGFPE: [libjvm.so+0x8b5d50], sa_mask[0]=11111111011111111101111111111110, sa_flags=SA_RESTART|SA_SIGINFO
SIGPIPE: [libjvm.so+0x8b5d50], sa_mask[0]=11111111011111111101111111111110, sa_flags=SA_RESTART|SA_SIGINFO
SIGXFSZ: [libjvm.so+0x8b5d50], sa_mask[0]=11111111011111111101111111111110, sa_flags=SA_RESTART|SA_SIGINFO
SIGILL: [libjvm.so+0x8b5d50], sa_mask[0]=11111111011111111101111111111110, sa_flags=SA_RESTART|SA_SIGINFO
SIGUSR1: SIG_DFL, sa_mask[0]=00000000000000000000000000000000, sa_flags=none
SIGUSR2: [libjvm.so+0x8b5c00], sa_mask[0]=00100000000000000000000000000000, sa_flags=SA_RESTART|SA_SIGINFO
SIGHUP: [libjvm.so+0x8b60d0], sa_mask[0]=11111111011111111101111111111110, sa_flags=SA_RESTART|SA_SIGINFO
SIGINT: [libjvm.so+0x8b60d0], sa_mask[0]=11111111011111111101111111111110, sa_flags=SA_RESTART|SA_SIGINFO
SIGTERM: [libjvm.so+0x8b60d0], sa_mask[0]=11111111011111111101111111111110, sa_flags=SA_RESTART|SA_SIGINFO
SIGQUIT: [libjvm.so+0x8b60d0], sa_mask[0]=11111111011111111101111111111110, sa_flags=SA_RESTART|SA_SIGINFO


---------------  S Y S T E M  ---------------

OS:DISTRIB_ID=Ubuntu
DISTRIB_RELEASE=16.04
DISTRIB_CODENAME=xenial
DISTRIB_DESCRIPTION="Ubuntu 16.04.4 LTS"

uname:Linux 4.13.0-45-generic #50~16.04.1-Ubuntu SMP Wed May 30 11:18:27 UTC 2018 x86_64
libc:glibc 2.23 NPTL 2.23 
rlimit: STACK 8192k, CORE 0k, NPROC 30813, NOFILE 1048576, AS infinity
load average:5.96 4.16 2.37

/proc/meminfo:
MemTotal:        7941332 kB
MemFree:         3171104 kB
MemAvailable:    5126712 kB
Buffers:          142316 kB
Cached:          2312224 kB
SwapCached:            0 kB
Active:          2986588 kB
Inactive:        1479720 kB
Active(anon):    2013320 kB
Inactive(anon):   334996 kB
Active(file):     973268 kB
Inactive(file):  1144724 kB
Unevictable:          48 kB
Mlocked:              48 kB
SwapTotal:      39062524 kB
SwapFree:       39062524 kB
Dirty:               316 kB
Writeback:             0 kB
AnonPages:       2011840 kB
Mapped:           442472 kB
Shmem:            336556 kB
Slab:             162060 kB
SReclaimable:     122240 kB
SUnreclaim:        39820 kB
KernelStack:       12304 kB
PageTables:        39580 kB
NFS_Unstable:          0 kB
Bounce:                0 kB
WritebackTmp:          0 kB
CommitLimit:    43033188 kB
Committed_AS:    8052136 kB
VmallocTotal:   34359738367 kB
VmallocUsed:           0 kB
VmallocChunk:          0 kB
HardwareCorrupted:     0 kB
AnonHugePages:         0 kB
ShmemHugePages:        0 kB
ShmemPmdMapped:        0 kB
CmaTotal:              0 kB
CmaFree:               0 kB
HugePages_Total:       0
HugePages_Free:        0
HugePages_Rsvd:        0
HugePages_Surp:        0
Hugepagesize:       2048 kB
DirectMap4k:      133004 kB
DirectMap2M:     5928960 kB
DirectMap1G:     3145728 kB


CPU:total 4 (initial active 4) (2 cores per cpu, 2 threads per core) family 6 model 142 stepping 9, cmov, cx8, fxsr, mmx, sse, sse2, sse3, ssse3, sse4.1, sse4.2, popcnt, avx, avx2, aes, clmul, erms, 3dnowpref, lzcnt, ht, tsc, tscinvbit, bmi1, bmi2, adx

/proc/cpuinfo:
processor	: 0
vendor_id	: GenuineIntel
cpu family	: 6
model		: 142
model name	: Intel(R) Core(TM) i5-7200U CPU @ 2.50GHz
stepping	: 9
microcode	: 0x8e
cpu MHz		: 2900.001
cache size	: 3072 KB
physical id	: 0
siblings	: 4
core id		: 0
cpu cores	: 2
apicid		: 0
initial apicid	: 0
fpu		: yes
fpu_exception	: yes
cpuid level	: 22
wp		: yes
flags		: fpu vme de pse tsc msr pae mce cx8 apic sep mtrr pge mca cmov pat pse36 clflush dts acpi mmx fxsr sse sse2 ss ht tm pbe syscall nx pdpe1gb rdtscp lm constant_tsc art arch_perfmon pebs bts rep_good nopl xtopology nonstop_tsc cpuid aperfmperf tsc_known_freq pni pclmulqdq dtes64 monitor ds_cpl vmx est tm2 ssse3 sdbg fma cx16 xtpr pdcm pcid sse4_1 sse4_2 x2apic movbe popcnt tsc_deadline_timer aes xsave avx f16c rdrand lahf_lm abm 3dnowprefetch cpuid_fault epb invpcid_single pti retpoline intel_pt rsb_ctxsw spec_ctrl ssbd tpr_shadow vnmi flexpriority ept vpid fsgsbase tsc_adjust bmi1 avx2 smep bmi2 erms invpcid mpx rdseed adx smap clflushopt xsaveopt xsavec xgetbv1 xsaves dtherm ida arat pln pts hwp hwp_notify hwp_act_window hwp_epp
bugs		: cpu_meltdown spectre_v1 spectre_v2 spec_store_bypass
bogomips	: 5424.00
clflush size	: 64
cache_alignment	: 64
address sizes	: 39 bits physical, 48 bits virtual
power management:

processor	: 1
vendor_id	: GenuineIntel
cpu family	: 6
model		: 142
model name	: Intel(R) Core(TM) i5-7200U CPU @ 2.50GHz
stepping	: 9
microcode	: 0x8e
cpu MHz		: 2899.999
cache size	: 3072 KB
physical id	: 0
siblings	: 4
core id		: 1
cpu cores	: 2
apicid		: 2
initial apicid	: 2
fpu		: yes
fpu_exception	: yes
cpuid level	: 22
wp		: yes
flags		: fpu vme de pse tsc msr pae mce cx8 apic sep mtrr pge mca cmov pat pse36 clflush dts acpi mmx fxsr sse sse2 ss ht tm pbe syscall nx pdpe1gb rdtscp lm constant_tsc art arch_perfmon pebs bts rep_good nopl xtopology nonstop_tsc cpuid aperfmperf tsc_known_freq pni pclmulqdq dtes64 monitor ds_cpl vmx est tm2 ssse3 sdbg fma cx16 xtpr pdcm pcid sse4_1 sse4_2 x2apic movbe popcnt tsc_deadline_timer aes xsave avx f16c rdrand lahf_lm abm 3dnowprefetch cpuid_fault epb invpcid_single pti retpoline intel_pt rsb_ctxsw spec_ctrl ssbd tpr_shadow vnmi flexpriority ept vpid fsgsbase tsc_adjust bmi1 avx2 smep bmi2 erms invpcid mpx rdseed adx smap clflushopt xsaveopt xsavec xgetbv1 xsaves dtherm ida arat pln pts hwp hwp_notify hwp_act_window hwp_epp
bugs		: cpu_meltdown spectre_v1 spectre_v2 spec_store_bypass
bogomips	: 5424.00
clflush size	: 64
cache_alignment	: 64
address sizes	: 39 bits physical, 48 bits virtual
power management:

processor	: 2
vendor_id	: GenuineIntel
cpu family	: 6
model		: 142
model name	: Intel(R) Core(TM) i5-7200U CPU @ 2.50GHz
stepping	: 9
microcode	: 0x8e
cpu MHz		: 2900.000
cache size	: 3072 KB
physical id	: 0
siblings	: 4
core id		: 0
cpu cores	: 2
apicid		: 1
initial apicid	: 1
fpu		: yes
fpu_exception	: yes
cpuid level	: 22
wp		: yes
flags		: fpu vme de pse tsc msr pae mce cx8 apic sep mtrr pge mca cmov pat pse36 clflush dts acpi mmx fxsr sse sse2 ss ht tm pbe syscall nx pdpe1gb rdtscp lm constant_tsc art arch_perfmon pebs bts rep_good nopl xtopology nonstop_tsc cpuid aperfmperf tsc_known_freq pni pclmulqdq dtes64 monitor ds_cpl vmx est tm2 ssse3 sdbg fma cx16 xtpr pdcm pcid sse4_1 sse4_2 x2apic movbe popcnt tsc_deadline_timer aes xsave avx f16c rdrand lahf_lm abm 3dnowprefetch cpuid_fault epb invpcid_single pti retpoline intel_pt rsb_ctxsw spec_ctrl ssbd tpr_shadow vnmi flexpriority ept vpid fsgsbase tsc_adjust bmi1 avx2 smep bmi2 erms invpcid mpx rdseed adx smap clflushopt xsaveopt xsavec xgetbv1 xsaves dtherm ida arat pln pts hwp hwp_notify hwp_act_window hwp_epp
bugs		: cpu_meltdown spectre_v1 spectre_v2 spec_store_bypass
bogomips	: 5424.00
clflush size	: 64
cache_alignment	: 64
address sizes	: 39 bits physical, 48 bits virtual
power management:

processor	: 3
vendor_id	: GenuineIntel
cpu family	: 6
model		: 142
model name	: Intel(R) Core(TM) i5-7200U CPU @ 2.50GHz
stepping	: 9
microcode	: 0x8e
cpu MHz		: 2899.998
cache size	: 3072 KB
physical id	: 0
siblings	: 4
core id		: 1
cpu cores	: 2
apicid		: 3
initial apicid	: 3
fpu		: yes
fpu_exception	: yes
cpuid level	: 22
wp		: yes
flags		: fpu vme de pse tsc msr pae mce cx8 apic sep mtrr pge mca cmov pat pse36 clflush dts acpi mmx fxsr sse sse2 ss ht tm pbe syscall nx pdpe1gb rdtscp lm constant_tsc art arch_perfmon pebs bts rep_good nopl xtopology nonstop_tsc cpuid aperfmperf tsc_known_freq pni pclmulqdq dtes64 monitor ds_cpl vmx est tm2 ssse3 sdbg fma cx16 xtpr pdcm pcid sse4_1 sse4_2 x2apic movbe popcnt tsc_deadline_timer aes xsave avx f16c rdrand lahf_lm abm 3dnowprefetch cpuid_fault epb invpcid_single pti retpoline intel_pt rsb_ctxsw spec_ctrl ssbd tpr_shadow vnmi flexpriority ept vpid fsgsbase tsc_adjust bmi1 avx2 smep bmi2 erms invpcid mpx rdseed adx smap clflushopt xsaveopt xsavec xgetbv1 xsaves dtherm ida arat pln pts hwp hwp_notify hwp_act_window hwp_epp
bugs		: cpu_meltdown spectre_v1 spectre_v2 spec_store_bypass
bogomips	: 5424.00
clflush size	: 64
cache_alignment	: 64
address sizes	: 39 bits physical, 48 bits virtual
power management:



Memory: 4k page, physical 7941332k(3171104k free), swap 39062524k(39062524k free)

vm_info: OpenJDK 64-Bit Server VM (25.171-b11) for linux-amd64 JRE (1.8.0_171-8u171-b11-0ubuntu0.16.04.1-b11), built on Apr 27 2018 17:19:03 by "buildd" with gcc 5.4.0 20160609

time: Thu Jul 12 09:08:26 2018
elapsed time: 33 seconds (0d 0h 0m 33s)

